Feb 01, 2025 2:47:17 PM com.example.utils.Logger logInfo
INFO: Evaluating expression: 2 a +
Feb 01, 2025 2:47:17 PM com.example.utils.Logger logInfo
INFO: Processing token: 2
Feb 01, 2025 2:47:17 PM com.example.utils.Logger logInfo
INFO: Processing token: a
Feb 01, 2025 2:47:17 PM com.example.utils.Logger logInfo
INFO: Found operator: a
Feb 01, 2025 2:47:17 PM com.example.utils.Logger logInfo
INFO: Evaluating expression: 2 3 4 +
Feb 01, 2025 2:47:17 PM com.example.utils.Logger logInfo
INFO: Processing token: 2
Feb 01, 2025 2:47:17 PM com.example.utils.Logger logInfo
INFO: Processing token: 3
Feb 01, 2025 2:47:17 PM com.example.utils.Logger logInfo
INFO: Processing token: 4
Feb 01, 2025 2:47:17 PM com.example.utils.Logger logInfo
INFO: Processing token: +
Feb 01, 2025 2:47:17 PM com.example.utils.Logger logInfo
INFO: Found operator: +
Feb 01, 2025 2:47:17 PM com.example.utils.Logger logSevere
SEVERE: Invalid RPN expression
Feb 01, 2025 2:47:17 PM com.example.utils.Logger logInfo
INFO: Evaluating expression: 2 3 ^
Feb 01, 2025 2:47:17 PM com.example.utils.Logger logInfo
INFO: Processing token: 2
Feb 01, 2025 2:47:17 PM com.example.utils.Logger logInfo
INFO: Processing token: 3
Feb 01, 2025 2:47:17 PM com.example.utils.Logger logInfo
INFO: Processing token: ^
Feb 01, 2025 2:47:17 PM com.example.utils.Logger logInfo
INFO: Found operator: ^
Feb 01, 2025 2:47:17 PM com.example.utils.Logger logInfo
INFO: Evaluating expression: 2 +
Feb 01, 2025 2:47:17 PM com.example.utils.Logger logInfo
INFO: Processing token: 2
Feb 01, 2025 2:47:17 PM com.example.utils.Logger logInfo
INFO: Processing token: +
Feb 01, 2025 2:47:17 PM com.example.utils.Logger logInfo
INFO: Found operator: +
Feb 01, 2025 2:47:17 PM com.example.utils.Logger logSevere
SEVERE: Not enough operands for operation: +
Feb 01, 2025 2:47:17 PM com.example.utils.Logger logInfo
INFO: Evaluating expression: 2 3 +
Feb 01, 2025 2:47:17 PM com.example.utils.Logger logInfo
INFO: Processing token: 2
Feb 01, 2025 2:47:17 PM com.example.utils.Logger logInfo
INFO: Processing token: 3
Feb 01, 2025 2:47:17 PM com.example.utils.Logger logInfo
INFO: Processing token: +
Feb 01, 2025 2:47:17 PM com.example.utils.Logger logInfo
INFO: Found operator: +
Feb 01, 2025 2:47:17 PM com.example.utils.Logger logInfo
INFO: Evaluating expression: 2 3 + 4 *
Feb 01, 2025 2:47:17 PM com.example.utils.Logger logInfo
INFO: Processing token: 2
Feb 01, 2025 2:47:17 PM com.example.utils.Logger logInfo
INFO: Processing token: 3
Feb 01, 2025 2:47:17 PM com.example.utils.Logger logInfo
INFO: Processing token: +
Feb 01, 2025 2:47:17 PM com.example.utils.Logger logInfo
INFO: Found operator: +
Feb 01, 2025 2:47:17 PM com.example.utils.Logger logInfo
INFO: Processing token: 4
Feb 01, 2025 2:47:17 PM com.example.utils.Logger logInfo
INFO: Processing token: *
Feb 01, 2025 2:47:17 PM com.example.utils.Logger logInfo
INFO: Found operator: *
Feb 01, 2025 2:58:28 PM com.example.utils.Logger logSevere
SEVERE: Invalid token encountered: a
Feb 01, 2025 2:58:28 PM com.example.utils.Logger logSevere
SEVERE: Invalid RPN expression
Feb 01, 2025 2:58:28 PM com.example.utils.Logger logSevere
SEVERE: Invalid token encountered: ^
Feb 01, 2025 2:58:28 PM com.example.utils.Logger logSevere
SEVERE: Not enough operands for operator: +
Feb 01, 2025 3:02:47 PM com.example.utils.Logger logSevere
SEVERE: Unwanted letter encountered: a
Feb 01, 2025 3:02:47 PM com.example.utils.Logger logSevere
SEVERE: Invalid RPN expression
Feb 01, 2025 3:02:47 PM com.example.utils.Logger logSevere
SEVERE: Invalid token encountered: ^
Feb 01, 2025 3:02:47 PM com.example.utils.Logger logSevere
SEVERE: Not enough operands for operator: +
Feb 01, 2025 3:05:18 PM com.example.utils.Logger logSevere
SEVERE: Unwanted letter encountered: a
Feb 01, 2025 3:05:18 PM com.example.utils.Logger logSevere
SEVERE: Invalid RPN expression
Feb 01, 2025 3:05:18 PM com.example.utils.Logger logSevere
SEVERE: Invalid token encountered: ^
Feb 01, 2025 3:05:18 PM com.example.utils.Logger logSevere
SEVERE: Not enough operands for operator: +
Feb 01, 2025 3:05:29 PM com.example.utils.Logger logSevere
SEVERE: Invalid token encountered: 
Feb 01, 2025 3:05:29 PM com.example.utils.Logger logSevere
SEVERE: Invalid RPN expression
Feb 01, 2025 3:05:29 PM com.example.utils.Logger logSevere
SEVERE: Invalid token encountered: ^
Feb 01, 2025 3:05:29 PM com.example.utils.Logger logSevere
SEVERE: Not enough operands for operator: +
Feb 01, 2025 3:07:00 PM com.example.utils.Logger logSevere
SEVERE: Invalid token encountered: 
Feb 01, 2025 3:07:00 PM com.example.utils.Logger logSevere
SEVERE: Invalid RPN expression
Feb 01, 2025 3:07:00 PM com.example.utils.Logger logSevere
SEVERE: Invalid token encountered: ^
Feb 01, 2025 3:07:00 PM com.example.utils.Logger logSevere
SEVERE: Not enough operands for operator: +
Feb 01, 2025 3:08:32 PM com.example.utils.Logger logSevere
SEVERE: Unwanted letter encountered: 
Feb 01, 2025 3:08:32 PM com.example.utils.Logger logSevere
SEVERE: Invalid RPN expression
Feb 01, 2025 3:08:32 PM com.example.utils.Logger logSevere
SEVERE: Unwanted letter encountered: ^
Feb 01, 2025 3:08:32 PM com.example.utils.Logger logSevere
SEVERE: Not enough operands for operator: +
Feb 01, 2025 3:10:48 PM com.example.utils.Logger logSevere
SEVERE: Invalid token encountered: 
Feb 01, 2025 3:10:48 PM com.example.utils.Logger logSevere
SEVERE: Invalid RPN expression
Feb 01, 2025 3:10:48 PM com.example.utils.Logger logSevere
SEVERE: Invalid token encountered: ^
Feb 01, 2025 3:10:48 PM com.example.utils.Logger logSevere
SEVERE: Not enough operands for operator: +
Feb 01, 2025 4:21:06 PM com.example.utils.Logger logInfo
INFO: Directory created at: ../data/expressions/
Feb 01, 2025 4:21:06 PM com.example.utils.Logger logInfo
INFO: Directory created at: ../data/results/
Feb 01, 2025 4:23:16 PM com.example.utils.Logger logSevere
SEVERE: Failed to create directory: ../data/expressions/
Feb 01, 2025 4:23:16 PM com.example.utils.Logger logSevere
SEVERE: Failed to create directory: ../data/results/
Feb 01, 2025 4:26:25 PM com.example.utils.Logger logSevere
SEVERE: Failed to create directory: ../data/expressions/
Feb 01, 2025 4:26:25 PM com.example.utils.Logger logSevere
SEVERE: Failed to create directory: ../data/results/
Feb 01, 2025 4:27:53 PM com.example.utils.Logger logSevere
SEVERE: Failed to create directory: ../data/expressions/
Feb 01, 2025 4:27:54 PM com.example.utils.Logger logSevere
SEVERE: Failed to create directory: ../data/results/
Feb 01, 2025 4:31:14 PM com.example.utils.Logger logSevere
SEVERE: Failed to read file: non_existent_file.txt (No such file or directory) non_existent_file.txt
Feb 01, 2025 4:32:37 PM com.example.utils.Logger logSevere
SEVERE: Failed to read file: non_existent_file.txt (No such file or directory) non_existent_file.txt
Feb 01, 2025 4:32:37 PM com.example.utils.Logger logSevere
SEVERE: Cannot read file with null path
Feb 01, 2025 4:32:37 PM com.example.utils.Logger logSevere
SEVERE: Failed to read file:  (No such file or directory) 
Feb 01, 2025 5:00:32 PM com.example.utils.Logger logSevere
SEVERE: Failed to create directory: ../data/expressions/
Feb 01, 2025 5:00:32 PM com.example.utils.Logger logSevere
SEVERE: Failed to create directory: ../data/results/
Feb 01, 2025 5:00:35 PM com.example.utils.Logger logSevere
SEVERE: Invalid expression in line: 5 1 2 a + 4 * + 3 -   
Feb 01, 2025 5:00:35 PM com.example.utils.Logger logSevere
SEVERE: Invalid expression in line: 8 3 %        
Feb 01, 2025 5:01:40 PM com.example.utils.Logger logSevere
SEVERE: Failed to create directory: ../data/expressions/
Feb 01, 2025 5:01:40 PM com.example.utils.Logger logSevere
SEVERE: Failed to create directory: ../data/results/
Feb 01, 2025 5:01:51 PM com.example.utils.Logger logSevere
SEVERE: Invalid expression in line: 5 1 2 a + 4 * + 3 -   
Feb 01, 2025 5:01:51 PM com.example.utils.Logger logSevere
SEVERE: Invalid expression in line: 8 3 %        
Feb 01, 2025 5:02:58 PM com.example.utils.Logger logSevere
SEVERE: Failed to create directory: ../data/expressions/
Feb 01, 2025 5:02:58 PM com.example.utils.Logger logSevere
SEVERE: Failed to create directory: ../data/results/
Feb 01, 2025 5:03:02 PM com.example.utils.Logger logSevere
SEVERE: Invalid expression in line: 8 3 %        
Feb 01, 2025 5:04:21 PM com.example.utils.Logger logSevere
SEVERE: Failed to create directory: ../data/expressions/
Feb 01, 2025 5:04:21 PM com.example.utils.Logger logSevere
SEVERE: Failed to create directory: ../data/results/
Feb 01, 2025 5:04:29 PM com.example.utils.Logger logSevere
SEVERE: Failed to create directory: ../data/expressions/
Feb 01, 2025 5:04:29 PM com.example.utils.Logger logSevere
SEVERE: Failed to create directory: ../data/results/
Feb 01, 2025 5:04:39 PM com.example.utils.Logger logSevere
SEVERE: Invalid expression in line: 8 3 %        
Feb 01, 2025 5:05:51 PM com.example.utils.Logger logSevere
SEVERE: Failed to create directory: ../data/expressions/
Feb 01, 2025 5:05:51 PM com.example.utils.Logger logSevere
SEVERE: Failed to create directory: ../data/results/
Feb 01, 2025 5:05:57 PM com.example.utils.Logger logSevere
SEVERE: Invalid expression in line: 2 5
Feb 01, 2025 5:05:57 PM com.example.utils.Logger logWarning
WARNING: Division by zero attempt: 5 / 0
Feb 01, 2025 5:09:00 PM com.example.utils.Logger logInfo
INFO: Start evaluating expression:  a 2 +
Feb 01, 2025 5:09:00 PM com.example.utils.Logger logInfo
INFO: Start evaluating expression: 2 3 4 +
Feb 01, 2025 5:09:00 PM com.example.utils.Logger logInfo
INFO: Start evaluating expression: 2 3 ^
Feb 01, 2025 5:09:00 PM com.example.utils.Logger logInfo
INFO: Start evaluating expression: 2 +
Feb 01, 2025 5:09:00 PM com.example.utils.Logger logInfo
INFO: Start evaluating expression: 2 3 +
Feb 01, 2025 5:09:00 PM com.example.utils.Logger logInfo
INFO: Result of expression: 5
Feb 01, 2025 5:09:00 PM com.example.utils.Logger logInfo
INFO: Start evaluating expression: 2 3 + 4 *
Feb 01, 2025 5:09:00 PM com.example.utils.Logger logInfo
INFO: Result of expression: 20
Feb 01, 2025 5:11:14 PM com.example.utils.Logger logInfo
INFO: Directory created at: /data/expressions/
Feb 01, 2025 5:11:14 PM com.example.utils.Logger logInfo
INFO: Directory created at: /data/results/
Feb 01, 2025 5:11:26 PM com.example.utils.Logger logSevere
SEVERE: Invalid expression in line: 8 3 %        
Feb 01, 2025 5:11:26 PM com.example.utils.Logger logInfo
INFO: Start evaluating expression: 3 4 +          
Feb 01, 2025 5:11:26 PM com.example.utils.Logger logInfo
INFO: Result of expression: 7
Feb 01, 2025 5:11:26 PM com.example.utils.Logger logInfo
INFO: Start evaluating expression: 10 2 /         
Feb 01, 2025 5:11:26 PM com.example.utils.Logger logInfo
INFO: Result of expression: 5
Feb 01, 2025 5:11:26 PM com.example.utils.Logger logInfo
INFO: Start evaluating expression: 5 1 2  + 4 * + 3 -   
Feb 01, 2025 5:11:26 PM com.example.utils.Logger logInfo
INFO: Result of expression: 14
Feb 01, 2025 5:11:26 PM com.example.utils.Logger logInfo
INFO: Start evaluating expression: 6 2 * 3 +
Feb 01, 2025 5:11:26 PM com.example.utils.Logger logInfo
INFO: Result of expression: 15
Feb 01, 2025 5:12:20 PM com.example.utils.Logger logInfo
INFO: Directory created at: /data/expressions/
Feb 01, 2025 5:12:20 PM com.example.utils.Logger logInfo
INFO: Directory created at: /data/results/
Feb 01, 2025 5:12:28 PM com.example.utils.Logger logSevere
SEVERE: Invalid expression in line: 8 3 %        
Feb 01, 2025 5:12:28 PM com.example.utils.Logger logInfo
INFO: Start evaluating expression: 3 4 +          
Feb 01, 2025 5:12:28 PM com.example.utils.Logger logInfo
INFO: Result of expression: 7
Feb 01, 2025 5:12:28 PM com.example.utils.Logger logInfo
INFO: Start evaluating expression: 10 2 /         
Feb 01, 2025 5:12:28 PM com.example.utils.Logger logInfo
INFO: Result of expression: 5
Feb 01, 2025 5:12:28 PM com.example.utils.Logger logInfo
INFO: Start evaluating expression: 5 1 2  + 4 * + 3 -   
Feb 01, 2025 5:12:28 PM com.example.utils.Logger logInfo
INFO: Result of expression: 14
Feb 01, 2025 5:12:28 PM com.example.utils.Logger logInfo
INFO: Start evaluating expression: 6 2 * 3 +
Feb 01, 2025 5:12:28 PM com.example.utils.Logger logInfo
INFO: Result of expression: 15
Feb 01, 2025 5:12:38 PM com.example.utils.Logger logInfo
INFO: Directory created at: /data/expressions/
Feb 01, 2025 5:12:38 PM com.example.utils.Logger logInfo
INFO: Directory created at: /data/results/
Feb 01, 2025 5:12:42 PM com.example.utils.Logger logSevere
SEVERE: Invalid expression in line: 2 5
Feb 01, 2025 5:12:42 PM com.example.utils.Logger logInfo
INFO: Start evaluating expression: 5 0 /          
Feb 01, 2025 5:12:42 PM com.example.utils.Logger logWarning
WARNING: Division by zero attempt: 5 / 0
Feb 01, 2025 5:12:42 PM com.example.utils.Logger logSevere
SEVERE: Arithmetic exception: Cannot divide by zero
Feb 01, 2025 5:12:42 PM com.example.utils.Logger logInfo
INFO: Start evaluating expression: 3 2 +         
Feb 01, 2025 5:12:42 PM com.example.utils.Logger logInfo
INFO: Result of expression: 5
Feb 01, 2025 5:12:42 PM com.example.utils.Logger logInfo
INFO: Start evaluating expression: 7 4 - *        
Feb 01, 2025 5:14:58 PM com.example.utils.Logger logInfo
INFO: Directory created at: /data/expressions/
Feb 01, 2025 5:14:58 PM com.example.utils.Logger logInfo
INFO: Directory created at: /data/results/
Feb 01, 2025 5:15:31 PM com.example.utils.Logger logSevere
SEVERE: Failed to read file: /home/richard_camus/Downloads (Is a directory) /home/richard_camus/Downloads
Feb 01, 2025 5:15:32 PM com.example.utils.Logger logSevere
SEVERE: Invalid expression in line: 
Feb 01, 2025 5:15:39 PM com.example.utils.Logger logInfo
INFO: Directory created at: /data/expressions/
Feb 01, 2025 5:15:39 PM com.example.utils.Logger logInfo
INFO: Directory created at: /data/results/
Feb 01, 2025 5:16:03 PM com.example.utils.Logger logSevere
SEVERE: An error has occurred, please check the logs for more information.
Feb 01, 2025 5:16:03 PM com.example.utils.Logger logInfo
INFO: This is the error message: null
Feb 01, 2025 5:16:36 PM com.example.utils.Logger logInfo
INFO: Directory created at: /data/expressions/
Feb 01, 2025 5:16:36 PM com.example.utils.Logger logInfo
INFO: Directory created at: /data/results/
Feb 01, 2025 5:17:32 PM com.example.utils.Logger logSevere
SEVERE: Failed to read file: ~/Downloads/delteme.txt (No such file or directory) ~/Downloads/delteme.txt
Feb 01, 2025 5:17:32 PM com.example.utils.Logger logSevere
SEVERE: Invalid expression in line: 
Feb 01, 2025 5:17:51 PM com.example.utils.Logger logInfo
INFO: Directory created at: /data/expressions/
Feb 01, 2025 5:17:51 PM com.example.utils.Logger logInfo
INFO: Directory created at: /data/results/
Feb 01, 2025 5:18:04 PM com.example.utils.Logger logSevere
SEVERE: An error has occurred, please check the logs for more information.
Feb 01, 2025 5:18:04 PM com.example.utils.Logger logInfo
INFO: This is the error message: null
Feb 01, 2025 5:18:37 PM com.example.utils.Logger logInfo
INFO: Directory created at: /data/expressions/
Feb 01, 2025 5:18:37 PM com.example.utils.Logger logInfo
INFO: Directory created at: /data/results/
Feb 01, 2025 5:18:40 PM com.example.utils.Logger logSevere
SEVERE: Invalid expression in line: 8 3 %        
Feb 01, 2025 5:18:40 PM com.example.utils.Logger logInfo
INFO: Start evaluating expression: 3 4 +          
Feb 01, 2025 5:18:40 PM com.example.utils.Logger logInfo
INFO: Result of expression: 7
Feb 01, 2025 5:18:40 PM com.example.utils.Logger logInfo
INFO: Start evaluating expression: 10 2 /         
Feb 01, 2025 5:18:40 PM com.example.utils.Logger logInfo
INFO: Result of expression: 5
Feb 01, 2025 5:18:40 PM com.example.utils.Logger logInfo
INFO: Start evaluating expression: 5 1 2  + 4 * + 3 -   
Feb 01, 2025 5:18:40 PM com.example.utils.Logger logInfo
INFO: Result of expression: 14
Feb 01, 2025 5:18:40 PM com.example.utils.Logger logInfo
INFO: Start evaluating expression: 6 2 * 3 +
Feb 01, 2025 5:18:40 PM com.example.utils.Logger logInfo
INFO: Result of expression: 15
Feb 02, 2025 5:37:41 PM com.example.utils.Logger logInfo
INFO: Directory created at: /data/expressions/
Feb 02, 2025 5:37:41 PM com.example.utils.Logger logInfo
INFO: Directory created at: /data/results/
Feb 02, 2025 5:37:49 PM com.example.utils.Logger logSevere
SEVERE: Invalid expression in line: 8 3 %        
Feb 02, 2025 5:37:49 PM com.example.utils.Logger logInfo
INFO: Start evaluating expression: 3 4 +          
Feb 02, 2025 5:37:49 PM com.example.utils.Logger logInfo
INFO: Result of expression: 7
Feb 02, 2025 5:37:49 PM com.example.utils.Logger logInfo
INFO: Start evaluating expression: 10 2 /         
Feb 02, 2025 5:37:49 PM com.example.utils.Logger logInfo
INFO: Result of expression: 5
Feb 02, 2025 5:37:49 PM com.example.utils.Logger logInfo
INFO: Start evaluating expression: 5 1 2  + 4 * + 3 -   
Feb 02, 2025 5:37:49 PM com.example.utils.Logger logInfo
INFO: Result of expression: 14
Feb 02, 2025 5:37:49 PM com.example.utils.Logger logInfo
INFO: Start evaluating expression: 6 2 * 3 +
Feb 02, 2025 5:37:49 PM com.example.utils.Logger logInfo
INFO: Result of expression: 15
Feb 02, 2025 5:49:28 PM com.example.utils.Logger logInfo
INFO: Directory created at: /data/expressions/
Feb 02, 2025 5:49:28 PM com.example.utils.Logger logInfo
INFO: Directory created at: /data/results/
Feb 02, 2025 5:49:37 PM com.example.utils.Logger logSevere
SEVERE: Invalid expression in line: 8 3 %        
Feb 02, 2025 5:49:37 PM com.example.utils.Logger logInfo
INFO: Start evaluating expression: 3 4 +          
Feb 02, 2025 5:49:37 PM com.example.utils.Logger logInfo
INFO: Result of expression: 7
Feb 02, 2025 5:49:37 PM com.example.utils.Logger logInfo
INFO: Start evaluating expression: 10 2 /         
Feb 02, 2025 5:49:37 PM com.example.utils.Logger logInfo
INFO: Result of expression: 5
Feb 02, 2025 5:49:37 PM com.example.utils.Logger logInfo
INFO: Start evaluating expression: 5 1 2  + 4 * + 3 -   
Feb 02, 2025 5:49:37 PM com.example.utils.Logger logInfo
INFO: Result of expression: 14
Feb 02, 2025 5:49:37 PM com.example.utils.Logger logInfo
INFO: Start evaluating expression: 6 2 * 3 +
Feb 02, 2025 5:49:37 PM com.example.utils.Logger logInfo
INFO: Result of expression: 15
Feb 02, 2025 6:56:00 PM com.example.utils.Logger logInfo
INFO: Directory created at: /data/expressions/
Feb 02, 2025 6:56:00 PM com.example.utils.Logger logInfo
INFO: Directory created at: /data/results/
Feb 02, 2025 6:56:23 PM com.example.utils.Logger logSevere
SEVERE: Invalid expression in line: 2 5
Feb 02, 2025 6:56:23 PM com.example.utils.Logger logInfo
INFO: Start evaluating expression: 5 0 /          
Feb 02, 2025 6:56:23 PM com.example.utils.Logger logWarning
WARNING: Division by zero attempt: 5 / 0
Feb 02, 2025 6:56:23 PM com.example.utils.Logger logSevere
SEVERE: Arithmetic exception: Cannot divide by zero
Feb 02, 2025 6:56:23 PM com.example.utils.Logger logInfo
INFO: Start evaluating expression: 3 2 +         
Feb 02, 2025 6:56:23 PM com.example.utils.Logger logInfo
INFO: Result of expression: 5
Feb 02, 2025 6:56:23 PM com.example.utils.Logger logInfo
INFO: Start evaluating expression: 7 4 - *        
Feb 02, 2025 7:25:10 PM com.example.utils.Logger logInfo
INFO: Directory created at: /data/expressions/
Feb 02, 2025 7:25:10 PM com.example.utils.Logger logInfo
INFO: Directory created at: /data/results/
Feb 02, 2025 7:25:44 PM com.example.utils.Logger logInfo
INFO: Directory created at: /data/expressions/
Feb 02, 2025 7:25:44 PM com.example.utils.Logger logInfo
INFO: Directory created at: /data/results/
Feb 02, 2025 7:25:54 PM com.example.utils.Logger logSevere
SEVERE: Invalid expression in line: 2 5
Feb 02, 2025 7:25:54 PM com.example.utils.Logger logInfo
INFO: Start evaluating expression: 5 0 /          
Feb 02, 2025 7:25:54 PM com.example.utils.Logger logWarning
WARNING: Division by zero attempt: 5 / 0
Feb 02, 2025 7:25:54 PM com.example.utils.Logger logSevere
SEVERE: Arithmetic exception: Cannot divide by zero
Feb 02, 2025 7:25:54 PM com.example.utils.Logger logInfo
INFO: Start evaluating expression: 3 2 +         
Feb 02, 2025 7:25:54 PM com.example.utils.Logger logInfo
INFO: Result of expression: 5
Feb 02, 2025 7:25:54 PM com.example.utils.Logger logInfo
INFO: Start evaluating expression: 7 4 - *        
Feb 03, 2025 10:36:05 AM com.example.utils.Logger logInfo
INFO: Directory created at: /data/expressions/
Feb 03, 2025 10:36:05 AM com.example.utils.Logger logInfo
INFO: Directory created at: /data/results/
